2022-09-27 15:31:45.449 | INFO     | __main__:main:30 - Process started at : 2022-09-27 15:31:45.443661
2022-09-27 15:31:45.449 | INFO     | __main__:main:31 - -------------------------------------------------------
2022-09-27 15:31:45.449 | INFO     | __main__:main:34 - ============== SECTION - 1 : DB CONNECTION ==============
2022-09-27 15:31:45.601 | INFO     | __main__:main:40 -  > DB Connection successful.
2022-09-27 15:31:45.601 | INFO     | __main__:main:43 - ============== SECTION - 2 : GETTING SITE CONFIG INFO ==============
2022-09-27 15:31:50.444 | INFO     | __main__:main:48 - > Found 24 sites from database table configs.site_config
2022-09-27 15:31:50.444 | INFO     | __main__:main:52 - ============== SECTION - 3 : FILES IO ==============
2022-09-27 15:31:50.456 | INFO     | __main__:main:58 - > Found 0 NETCDF files in the local directory /home/ubuntu/SAFNWC/SAFNWC_Export.
2022-09-27 15:31:50.457 | INFO     | src.funcs.db_io:wrapper_get_files_to_read:342 - Inferring files to read per site - based on local system files and db files. This may take a while...
2022-09-27 15:31:57.346 | INFO     | src.funcs.db_io:get_uq_vals_from_table:174 - Read 52305 unique values for column - id from td_satellite.nwc_satellite 
2022-09-27 15:31:58.728 | INFO     | src.funcs.db_io:get_uq_vals_from_table:174 - Read 26 unique values for column - site_name from td_satellite.nwc_satellite 
2022-09-27 15:33:15.074 | INFO     | src.funcs.db_io:get_site_files_map:311 - Extracted site-file map from td_satellite.nwc_satellite from columns site_name & id
2022-09-27 15:33:15.074 | INFO     | src.funcs.db_io:wrapper_get_files_to_read:365 - > Found 52305 NETCDF files in the DB Table td_satellite.nwc_satellite.
2022-09-27 15:33:15.075 | INFO     | src.funcs.db_io:wrapper_get_files_to_read:369 - > Site - Aurad total files in db table - 7928
2022-09-27 15:33:15.075 | INFO     | src.funcs.db_io:wrapper_get_files_to_read:369 - > Site - Badnawar total files in db table - 47174
2022-09-27 15:33:15.075 | INFO     | src.funcs.db_io:wrapper_get_files_to_read:369 - > Site - Barod total files in db table - 47174
2022-09-27 15:33:15.075 | INFO     | src.funcs.db_io:wrapper_get_files_to_read:369 - > Site - Bitta total files in db table - 47174
2022-09-27 15:33:15.075 | INFO     | src.funcs.db_io:wrapper_get_files_to_read:369 - > Site - Chhattisgarh total files in db table - 47174
2022-09-27 15:33:15.075 | INFO     | src.funcs.db_io:wrapper_get_files_to_read:369 - > Site - Gunga total files in db table - 47174
2022-09-27 15:33:15.075 | INFO     | src.funcs.db_io:wrapper_get_files_to_read:369 - > Site - Hero Power total files in db table - 4601
2022-09-27 15:33:15.075 | INFO     | src.funcs.db_io:wrapper_get_files_to_read:369 - > Site - Ichhawar total files in db table - 47174
2022-09-27 15:33:15.076 | INFO     | src.funcs.db_io:wrapper_get_files_to_read:369 - > Site - Jhansi total files in db table - 47174
2022-09-27 15:33:15.076 | INFO     | src.funcs.db_io:wrapper_get_files_to_read:369 - > Site - Kamuthi total files in db table - 47174
2022-09-27 15:33:15.117 | INFO     | src.funcs.db_io:wrapper_get_files_to_read:369 - > Site - Kanasar total files in db table - 47174
2022-09-27 15:33:15.117 | INFO     | src.funcs.db_io:wrapper_get_files_to_read:369 - > Site - Kavithal total files in db table - 47174
2022-09-27 15:33:15.117 | INFO     | src.funcs.db_io:wrapper_get_files_to_read:369 - > Site - Lahori total files in db table - 47174
2022-09-27 15:33:15.118 | INFO     | src.funcs.db_io:wrapper_get_files_to_read:369 - > Site - MSEDCL total files in db table - 47174
2022-09-27 15:33:15.118 | INFO     | src.funcs.db_io:wrapper_get_files_to_read:369 - > Site - Muktainagar total files in db table - 47174
2022-09-27 15:33:15.118 | INFO     | src.funcs.db_io:wrapper_get_files_to_read:369 - > Site - NJV_Delhi total files in db table - 47174
2022-09-27 15:33:15.120 | INFO     | src.funcs.db_io:wrapper_get_files_to_read:369 - > Site - Parli total files in db table - 47174
2022-09-27 15:33:15.120 | INFO     | src.funcs.db_io:wrapper_get_files_to_read:369 - > Site - Rawra total files in db table - 47174
2022-09-27 15:33:15.120 | INFO     | src.funcs.db_io:wrapper_get_files_to_read:369 - > Site - Sadla total files in db table - 47174
2022-09-27 15:33:15.120 | INFO     | src.funcs.db_io:wrapper_get_files_to_read:369 - > Site - SECI-1 total files in db table - 47174
2022-09-27 15:33:15.121 | INFO     | src.funcs.db_io:wrapper_get_files_to_read:369 - > Site - Siddipet total files in db table - 47174
2022-09-27 15:33:15.122 | INFO     | src.funcs.db_io:wrapper_get_files_to_read:369 - > Site - SITE1 total files in db table - 47174
2022-09-27 15:33:15.122 | INFO     | src.funcs.db_io:wrapper_get_files_to_read:369 - > Site - SITE2 total files in db table - 47174
2022-09-27 15:33:15.122 | INFO     | src.funcs.db_io:wrapper_get_files_to_read:369 - > Site - SITE3 total files in db table - 47174
2022-09-27 15:33:15.122 | INFO     | src.funcs.db_io:wrapper_get_files_to_read:369 - > Site - SITE4 total files in db table - 47174
2022-09-27 15:33:15.122 | INFO     | src.funcs.db_io:wrapper_get_files_to_read:369 - > Site - None total files in db table - 0
