2022-09-27 15:35:08.563 | INFO     | __main__:main:30 - Process started at : 2022-09-27 15:35:08.558303
2022-09-27 15:35:08.564 | INFO     | __main__:main:31 - -------------------------------------------------------
2022-09-27 15:35:08.564 | INFO     | __main__:main:34 - ============== SECTION - 1 : DB CONNECTION ==============
2022-09-27 15:35:08.610 | INFO     | __main__:main:40 -  > DB Connection successful.
2022-09-27 15:35:08.610 | INFO     | __main__:main:43 - ============== SECTION - 2 : GETTING SITE CONFIG INFO ==============
2022-09-27 15:35:12.970 | INFO     | __main__:main:48 - > Found 24 sites from database table configs.site_config
2022-09-27 15:35:12.971 | INFO     | __main__:main:52 - ============== SECTION - 3 : FILES IO ==============
2022-09-27 15:35:16.987 | INFO     | __main__:main:58 - > Found 566 NETCDF files in the local directory /Users/vasu/Library/CloudStorage/OneDrive-DecisionTreeAnalyticsServices/TensorDynamics/Data/Satellite.
2022-09-27 15:35:16.988 | INFO     | src.funcs.db_io:wrapper_get_files_to_read:344 - Inferring files to read per site - based on local system files and db files. This may take a while...
2022-09-27 15:35:21.733 | INFO     | src.funcs.db_io:get_uq_vals_from_table:174 - Read 52305 unique values for column - id from td_satellite.nwc_satellite 
2022-09-27 15:35:23.020 | INFO     | src.funcs.db_io:get_uq_vals_from_table:174 - Read 26 unique values for column - site_name from td_satellite.nwc_satellite 
2022-09-27 15:36:39.539 | INFO     | src.funcs.db_io:get_site_files_map:311 - Extracted site-file map from td_satellite.nwc_satellite from columns site_name & id
2022-09-27 15:36:39.539 | INFO     | src.funcs.db_io:wrapper_get_files_to_read:367 - > Found 52305 NETCDF files in the DB Table td_satellite.nwc_satellite.
2022-09-27 15:36:39.539 | INFO     | src.funcs.db_io:wrapper_get_files_to_read:371 - > Site - Aurad total files in db table - 7928
2022-09-27 15:36:39.539 | INFO     | src.funcs.db_io:wrapper_get_files_to_read:371 - > Site - Badnawar total files in db table - 47174
2022-09-27 15:36:39.539 | INFO     | src.funcs.db_io:wrapper_get_files_to_read:371 - > Site - Barod total files in db table - 47174
2022-09-27 15:36:39.540 | INFO     | src.funcs.db_io:wrapper_get_files_to_read:371 - > Site - Bitta total files in db table - 47174
2022-09-27 15:36:39.540 | INFO     | src.funcs.db_io:wrapper_get_files_to_read:371 - > Site - Chhattisgarh total files in db table - 47174
2022-09-27 15:36:39.540 | INFO     | src.funcs.db_io:wrapper_get_files_to_read:371 - > Site - Gunga total files in db table - 47174
2022-09-27 15:36:39.540 | INFO     | src.funcs.db_io:wrapper_get_files_to_read:371 - > Site - Hero Power total files in db table - 4601
2022-09-27 15:36:39.540 | INFO     | src.funcs.db_io:wrapper_get_files_to_read:371 - > Site - Ichhawar total files in db table - 47174
2022-09-27 15:36:39.540 | INFO     | src.funcs.db_io:wrapper_get_files_to_read:371 - > Site - Jhansi total files in db table - 47174
2022-09-27 15:36:39.540 | INFO     | src.funcs.db_io:wrapper_get_files_to_read:371 - > Site - Kamuthi total files in db table - 47174
2022-09-27 15:36:39.540 | INFO     | src.funcs.db_io:wrapper_get_files_to_read:371 - > Site - Kanasar total files in db table - 47174
2022-09-27 15:36:39.540 | INFO     | src.funcs.db_io:wrapper_get_files_to_read:371 - > Site - Kavithal total files in db table - 47174
2022-09-27 15:36:39.541 | INFO     | src.funcs.db_io:wrapper_get_files_to_read:371 - > Site - Lahori total files in db table - 47174
2022-09-27 15:36:39.541 | INFO     | src.funcs.db_io:wrapper_get_files_to_read:371 - > Site - MSEDCL total files in db table - 47174
2022-09-27 15:36:39.541 | INFO     | src.funcs.db_io:wrapper_get_files_to_read:371 - > Site - Muktainagar total files in db table - 47174
2022-09-27 15:36:39.541 | INFO     | src.funcs.db_io:wrapper_get_files_to_read:371 - > Site - NJV_Delhi total files in db table - 47174
2022-09-27 15:36:39.541 | INFO     | src.funcs.db_io:wrapper_get_files_to_read:371 - > Site - Parli total files in db table - 47174
2022-09-27 15:36:39.541 | INFO     | src.funcs.db_io:wrapper_get_files_to_read:371 - > Site - Rawra total files in db table - 47174
2022-09-27 15:36:39.541 | INFO     | src.funcs.db_io:wrapper_get_files_to_read:371 - > Site - Sadla total files in db table - 47174
2022-09-27 15:36:39.541 | INFO     | src.funcs.db_io:wrapper_get_files_to_read:371 - > Site - SECI-1 total files in db table - 47174
2022-09-27 15:36:39.541 | INFO     | src.funcs.db_io:wrapper_get_files_to_read:371 - > Site - Siddipet total files in db table - 47174
2022-09-27 15:36:39.541 | INFO     | src.funcs.db_io:wrapper_get_files_to_read:371 - > Site - SITE1 total files in db table - 47174
2022-09-27 15:36:39.542 | INFO     | src.funcs.db_io:wrapper_get_files_to_read:371 - > Site - SITE2 total files in db table - 47174
2022-09-27 15:36:39.542 | INFO     | src.funcs.db_io:wrapper_get_files_to_read:371 - > Site - SITE3 total files in db table - 47174
2022-09-27 15:36:39.542 | INFO     | src.funcs.db_io:wrapper_get_files_to_read:371 - > Site - SITE4 total files in db table - 47174
2022-09-27 15:36:39.542 | INFO     | src.funcs.db_io:wrapper_get_files_to_read:371 - > Site - None total files in db table - 0
