2022-09-09 21:00:34.753 | INFO     | __main__:main:31 - Process started at : 2022-09-09 21:00:34.745727
2022-09-09 21:00:34.753 | INFO     | __main__:main:32 - -------------------------------------------------------
2022-09-09 21:00:34.753 | INFO     | __main__:main:35 - ============== SECTION - 1 : DB CONNECTION ==============
2022-09-09 21:00:34.796 | INFO     | __main__:main:41 -  > DB Connection successful.
2022-09-09 21:00:34.796 | INFO     | __main__:main:44 - ============== SECTION - 2 : GETTING SITE INFO ==============
2022-09-09 21:00:39.983 | INFO     | __main__:main:49 - > Found 23 sites from database table configs.
2022-09-09 21:00:39.984 | INFO     | __main__:main:50 - > Successfully extracted site info from database.
2022-09-09 21:00:39.984 | INFO     | __main__:main:53 - ============== SECTION - 3 : LOCAL FILES IO ==============
2022-09-09 21:00:39.997 | INFO     | __main__:main:59 - > Found 566 NETCDF files in the local directory /Users/vasu/Library/CloudStorage/OneDrive-DecisionTreeAnalyticsServices/TensorDynamics/Data/Satellite.
2022-09-09 21:01:19.846 | INFO     | __main__:main:82 - > Found 39595 NETCDF files in the DB Table td_satellite.nwc_satellite.
2022-09-09 21:01:19.846 | INFO     | __main__:main:85 - > Found 24 sites [None, 'Siddipet', 'Rawra', 'Kamuthi', 'NJV_Delhi', 'Sadla', 'Parli', 'MSEDCL', 'Kavithal', 'Jhansi', 'Chhattisgarh', 'Kanasar', 'Lahori', 'Gunga', 'SITE3', 'SECI-1', 'Badnawar', 'Muktainagar', 'Ichhawar', 'SITE2', 'SITE1', 'Bitta', 'SITE4', 'Barod'] in the DB Table td_satellite.nwc_satellite.
2022-09-09 21:01:19.846 | INFO     | __main__:main:89 - > Site - Badnawar total files in db table - 3458
2022-09-09 21:01:19.846 | INFO     | __main__:main:89 - > Site - Barod total files in db table - 3458
2022-09-09 21:01:19.846 | INFO     | __main__:main:89 - > Site - Bitta total files in db table - 27713
2022-09-09 21:01:19.847 | INFO     | __main__:main:89 - > Site - Chhattisgarh total files in db table - 27710
2022-09-09 21:01:19.847 | INFO     | __main__:main:89 - > Site - Gunga total files in db table - 3458
2022-09-09 21:01:19.847 | INFO     | __main__:main:89 - > Site - Ichhawar total files in db table - 3458
2022-09-09 21:01:19.847 | INFO     | __main__:main:89 - > Site - Jhansi total files in db table - 27713
2022-09-09 21:01:19.847 | INFO     | __main__:main:89 - > Site - Kamuthi total files in db table - 27709
2022-09-09 21:01:19.848 | INFO     | __main__:main:89 - > Site - Kanasar total files in db table - 27715
2022-09-09 21:01:19.848 | INFO     | __main__:main:89 - > Site - Kavithal total files in db table - 3458
2022-09-09 21:01:19.848 | INFO     | __main__:main:89 - > Site - Lahori total files in db table - 27720
2022-09-09 21:01:19.848 | INFO     | __main__:main:89 - > Site - MSEDCL total files in db table - 27715
2022-09-09 21:01:19.848 | INFO     | __main__:main:89 - > Site - Muktainagar total files in db table - 27710
2022-09-09 21:01:19.848 | INFO     | __main__:main:89 - > Site - NJV_Delhi total files in db table - 27713
2022-09-09 21:01:19.848 | INFO     | __main__:main:89 - > Site - Parli total files in db table - 27710
2022-09-09 21:01:19.848 | INFO     | __main__:main:89 - > Site - Rawra total files in db table - 27710
2022-09-09 21:01:19.849 | INFO     | __main__:main:89 - > Site - Sadla total files in db table - 27718
2022-09-09 21:01:19.849 | INFO     | __main__:main:89 - > Site - SECI-1 total files in db table - 27712
2022-09-09 21:01:19.849 | INFO     | __main__:main:89 - > Site - Siddipet total files in db table - 5030
2022-09-09 21:01:19.849 | INFO     | __main__:main:89 - > Site - SITE1 total files in db table - 27712
2022-09-09 21:01:19.849 | INFO     | __main__:main:89 - > Site - SITE2 total files in db table - 27712
2022-09-09 21:01:19.849 | INFO     | __main__:main:89 - > Site - SITE3 total files in db table - 27711
2022-09-09 21:01:19.849 | INFO     | __main__:main:89 - > Site - SITE4 total files in db table - 27710
2022-09-09 21:01:19.849 | INFO     | __main__:main:89 - > Site - None total files in db table - 0
2022-09-09 21:01:20.203 | INFO     | __main__:main:98 - > Inferred 566 NETCDF files to read and upsert.
